<?xml version="1.0" encoding="UTF-8"?>
<testsuite xmlns:xsi="http://www.w3.org/2001/XMLSchema-instance" xsi:noNamespaceSchemaLocation="https://maven.apache.org/surefire/maven-surefire-plugin/xsd/surefire-test-report-3.0.xsd" version="3.0" name="com.example.jewellery.JewelleryApplicationTests" time="0.964" tests="1" errors="0" skipped="0" failures="0">
  <properties>
[...]
</properties>
  <testcase name="contextLoads" classname="com.example.jewellery.JewelleryApplicationTests" time="0.317">
    <system-out><![CDATA[17:55:45.569 [main] INFO org.springframework.test.context.support.AnnotationConfigContextLoaderUtils -- Could not detect default configuration classes for test class [com.example.jewellery.JewelleryApplicationTests]: JewelleryApplicationTests does not declare any static, non-private, non-final, nested classes annotated with @Configuration.
17:55:45.608 [main] INFO org.springframework.boot.test.context.SpringBootTestContextBootstrapper -- Found @SpringBootConfiguration com.example.jewellery.JewelleryApplication for test class com.example.jewellery.JewelleryApplicationTests
17:55:45.659 [main] INFO org.springframework.boot.devtools.restart.RestartApplicationListener -- Restart disabled due to context in which it is running

  .   ____          _            __ _ _
 /\\ / ___'_ __ _ _(_)_ __  __ _ \ \ \ \
( ( )\___ | '_ | '_| | '_ \/ _` | \ \ \ \
 \\/  ___)| |_)| | | | | || (_| |  ) ) ) )
  '  |____| .__|_| |_|_| |_\__, | / / / /
 =========|_|==============|___/=/_/_/_/

 :: Spring Boot ::                (v3.3.5)

2025-12-14T17:55:45.745+05:30  INFO 45008 --- [jewellery] [           main] c.e.jewellery.JewelleryApplicationTests  : Starting JewelleryApplicationTests using Java 25.0.1 with PID 45008 (started by manas in /Users/manas/Desktop/balia_dokan/Jewelary_shop/jewelry-backend)
2025-12-14T17:55:45.745+05:30  INFO 45008 --- [jewellery] [           main] c.e.jewellery.JewelleryApplicationTests  : No active profile set, falling back to 1 default profile: "default"
2025-12-14T17:55:46.139+05:30  WARN 45008 --- [jewellery] [           main] ion$DefaultTemplateResolverConfiguration : Cannot find template location: classpath:/templates/ (please add some templates, check your Thymeleaf configuration, or set spring.thymeleaf.check-template-location=false)
2025-12-14T17:55:46.158+05:30  INFO 45008 --- [jewellery] [           main] c.e.jewellery.JewelleryApplicationTests  : Started JewelleryApplicationTests in 0.502 seconds (process running for 0.823)
]]></system-out>
    <system-err><![CDATA[WARNING: A Java agent has been loaded dynamically (/Users/manas/.m2/repository/net/bytebuddy/byte-buddy-agent/1.14.19/byte-buddy-agent-1.14.19.jar)
WARNING: If a serviceability tool is in use, please run with -XX:+EnableDynamicAgentLoading to hide this warning
WARNING: If a serviceability tool is not in use, please run with -Djdk.instrument.traceUsage for more information
WARNING: Dynamic loading of agents will be disallowed by default in a future release
]]></system-err>
  </testcase>
</testsuite>